<?xml version="1.0" encoding="UTF-8"?>
<testsuite name="org.example.ExcelExample" tests="1" skipped="0" failures="0" errors="0" timestamp="2021-09-29T02:00:08" hostname="Hwang-YounSungs-MacBook-Pro.local" time="0.582">
  <properties/>
  <testcase name="readCellTest()" classname="org.example.ExcelExample" time="0.582"/>
  <system-out><![CDATA[name	|	version	|	license	|	
armeria	|	1.5.3	|	MIT	|	
redcarpet	|	2.0.4	|	MIT	|	
query-dsl	|	3.1.3	|	GPL-2.0	|	
]]></system-out>
  <system-err><![CDATA[]]></system-err>
</testsuite>
